[2022-02-04 13:46:31.448] DEBUG AbstractDirtiesContextTestExecutionListener.beforeOrAfterTestMethod(AbstractDirtiesContextTestExecutionListener.java:108) - Before test method: context [DefaultTestContext@424e1977 testClass = HomeTest, testInstance = com.dwav.HomeTest@7f353d99, testMethod = doUpdate@HomeTest, testException = [null], mergedContextConfiguration = [MergedContextConfiguration@10d68fcd testClass = HomeTest, locations = '{file:src/main/webapp/WEB-INF/spring/root-context.xml, file:src/main/webapp/WEB-INF/spring/appServlet/servlet-context.xml}', classes = '{}', contextInitializerClasses = '[]', activeProfiles = '{}', propertySourceLocations = '{}', propertySourceProperties = '{}', contextCustomizers = set[[empty]], contextLoader = 'org.springframework.test.context.support.DelegatingSmartContextLoader', parent = [null]], attributes = map['org.springframework.test.context.event.ApplicationEventsTestExecutionListener.recordApplicationEvents' -> false]], class annotated with @DirtiesContext [false] with mode [null], method annotated with @DirtiesContext [false] with mode [null].
[2022-02-04 13:46:31.465] DEBUG DefaultCacheAwareContextLoaderDelegate.loadContext(DefaultCacheAwareContextLoaderDelegate.java:137) - Retrieved ApplicationContext [1431467659] from cache with key [[MergedContextConfiguration@10d68fcd testClass = HomeTest, locations = '{file:src/main/webapp/WEB-INF/spring/root-context.xml, file:src/main/webapp/WEB-INF/spring/appServlet/servlet-context.xml}', classes = '{}', contextInitializerClasses = '[]', activeProfiles = '{}', propertySourceLocations = '{}', propertySourceProperties = '{}', contextCustomizers = set[[empty]], contextLoader = 'org.springframework.test.context.support.DelegatingSmartContextLoader', parent = [null]]]
[2022-02-04 13:46:31.465] DEBUG DefaultContextCache.logStatistics(DefaultContextCache.java:290) - Spring test ApplicationContext cache statistics: [DefaultContextCache@3afae281 size = 1, maxSize = 32, parentContextCount = 0, hitCount = 14, missCount = 1]
[2022-02-04 13:46:31.466] DEBUG HomeTest.setup(HomeTest.java:52) - 1====================
[2022-02-04 13:46:31.466] DEBUG HomeTest.setup(HomeTest.java:53) - 1=context=org.springframework.context.support.GenericApplicationContext@5552768b, started on Fri Feb 04 13:46:24 KST 2022
[2022-02-04 13:46:31.466] DEBUG HomeTest.setup(HomeTest.java:54) - 1=dao=com.dwav.daoImp.HomeDaoImple@66ba7e45
[2022-02-04 13:46:31.466] DEBUG HomeTest.setup(HomeTest.java:55) - 1====================
[2022-02-04 13:46:31.467] DEBUG DefaultCacheAwareContextLoaderDelegate.loadContext(DefaultCacheAwareContextLoaderDelegate.java:137) - Retrieved ApplicationContext [1431467659] from cache with key [[MergedContextConfiguration@10d68fcd testClass = HomeTest, locations = '{file:src/main/webapp/WEB-INF/spring/root-context.xml, file:src/main/webapp/WEB-INF/spring/appServlet/servlet-context.xml}', classes = '{}', contextInitializerClasses = '[]', activeProfiles = '{}', propertySourceLocations = '{}', propertySourceProperties = '{}', contextCustomizers = set[[empty]], contextLoader = 'org.springframework.test.context.support.DelegatingSmartContextLoader', parent = [null]]]
[2022-02-04 13:46:31.467] DEBUG DefaultContextCache.logStatistics(DefaultContextCache.java:290) - Spring test ApplicationContext cache statistics: [DefaultContextCache@3afae281 size = 1, maxSize = 32, parentContextCount = 0, hitCount = 15, missCount = 1]
[2022-02-04 13:46:31.467] DEBUG HomeTest.doUpdate(HomeTest.java:137) - ====================
[2022-02-04 13:46:31.467] DEBUG HomeTest.doUpdate(HomeTest.java:138) - ====doUpdate======
[2022-02-04 13:46:31.467] DEBUG HomeTest.doUpdate(HomeTest.java:139) - ====================
[2022-02-04 13:46:31.468] DEBUG HomeDaoImple.deleteHomeAll(HomeDaoImple.java:68) - ==============================
[2022-02-04 13:46:31.468] DEBUG HomeDaoImple.deleteHomeAll(HomeDaoImple.java:69) - =======deleteHomeAll========
[2022-02-04 13:46:31.468] DEBUG HomeDaoImple.deleteHomeAll(HomeDaoImple.java:70) - =statement=mapper.HomeMapper.deleteHomeAll
[2022-02-04 13:46:31.468] DEBUG HomeDaoImple.deleteHomeAll(HomeDaoImple.java:71) - ==============================
[2022-02-04 13:46:31.468] DEBUG JakartaCommonsLoggingImpl.debug(JakartaCommonsLoggingImpl.java:54) - Creating a new SqlSession
[2022-02-04 13:46:31.469] DEBUG JakartaCommonsLoggingImpl.debug(JakartaCommonsLoggingImpl.java:54) - SqlSession [org.apache.ibatis.session.defaults.DefaultSqlSession@46c269e0] was not registered for synchronization because synchronization is not active
[2022-02-04 13:46:31.469] DEBUG DataSourceUtils.doGetConnection(DataSourceUtils.java:116) - Fetching JDBC Connection from DataSource
[2022-02-04 13:46:31.469] DEBUG JakartaCommonsLoggingImpl.debug(JakartaCommonsLoggingImpl.java:54) - JDBC Connection [jdbc:oracle:thin:@localhost:1521:xe, UserName=SPRING, Oracle JDBC driver] will not be managed by Spring
[2022-02-04 13:46:31.470] DEBUG JakartaCommonsLoggingImpl.debug(JakartaCommonsLoggingImpl.java:54) - ==>  Preparing: delete from home
[2022-02-04 13:46:31.470] DEBUG JakartaCommonsLoggingImpl.debug(JakartaCommonsLoggingImpl.java:54) - ==> Parameters: 
[2022-02-04 13:46:31.471] DEBUG JakartaCommonsLoggingImpl.debug(JakartaCommonsLoggingImpl.java:54) - <==    Updates: 0
[2022-02-04 13:46:31.472] DEBUG JakartaCommonsLoggingImpl.debug(JakartaCommonsLoggingImpl.java:54) - Closing non transactional SqlSession [org.apache.ibatis.session.defaults.DefaultSqlSession@46c269e0]
[2022-02-04 13:46:31.472] DEBUG HomeDaoImple.deleteHomeAll(HomeDaoImple.java:74) - ==============================
[2022-02-04 13:46:31.472] DEBUG HomeDaoImple.deleteHomeAll(HomeDaoImple.java:75) - =flag=0
[2022-02-04 13:46:31.472] DEBUG HomeDaoImple.deleteHomeAll(HomeDaoImple.java:76) - ==============================
[2022-02-04 13:46:31.472] DEBUG HomeDaoImple.InsertHome(HomeDaoImple.java:84) - ==============================
[2022-02-04 13:46:31.473] DEBUG HomeDaoImple.InsertHome(HomeDaoImple.java:85) - ====InsertHome====
[2022-02-04 13:46:31.473] DEBUG HomeDaoImple.InsertHome(HomeDaoImple.java:86) - =statement=mapper.HomeMapper.InsertHome
[2022-02-04 13:46:31.473] DEBUG HomeDaoImple.InsertHome(HomeDaoImple.java:87) - =inVO=HomeVO [Accom_Id=1, Accomodates=1, Bathrooms=1, Bedrooms=1, Descrption=방명록, Host_Id=안, Location=서울시, Price=70000, Property_Type=주택, Room_Type=복층, Beds=2, Building_Type=프라이빗, Currency_Unit=원, Name=테스트집, Avg_Point=0, toString()=com.dwav.vo.HomeVO@6920614]
[2022-02-04 13:46:31.473] DEBUG HomeDaoImple.InsertHome(HomeDaoImple.java:88) - ==============================
[2022-02-04 13:46:31.473] DEBUG JakartaCommonsLoggingImpl.debug(JakartaCommonsLoggingImpl.java:54) - Creating a new SqlSession
[2022-02-04 13:46:31.473] DEBUG JakartaCommonsLoggingImpl.debug(JakartaCommonsLoggingImpl.java:54) - SqlSession [org.apache.ibatis.session.defaults.DefaultSqlSession@6069dd38] was not registered for synchronization because synchronization is not active
[2022-02-04 13:46:31.474] DEBUG DataSourceUtils.doGetConnection(DataSourceUtils.java:116) - Fetching JDBC Connection from DataSource
[2022-02-04 13:46:31.474] DEBUG JakartaCommonsLoggingImpl.debug(JakartaCommonsLoggingImpl.java:54) - JDBC Connection [jdbc:oracle:thin:@localhost:1521:xe, UserName=SPRING, Oracle JDBC driver] will not be managed by Spring
[2022-02-04 13:46:31.475] DEBUG JakartaCommonsLoggingImpl.debug(JakartaCommonsLoggingImpl.java:54) - ==>  Preparing: INSERT INTO home ( accomodates, bathrooms, bedrooms, descrption, host_Id, location, price, property_Type, room_Type, beds, building_Type, currency_Unit, name, avg_point ) VALUES ( ?, ?, ?, ?, ?, ?, ?, ?, ?, ?, ?, ?, ?, ? )
[2022-02-04 13:46:31.476] DEBUG JakartaCommonsLoggingImpl.debug(JakartaCommonsLoggingImpl.java:54) - ==> Parameters: 1(Integer), 1(Integer), 1(Integer), 방명록(String), 안(String), 서울시(String), 70000(Integer), 주택(String), 복층(String), 2(Integer), 프라이빗(String), 원(String), 테스트집(String), 0(Integer)
[2022-02-04 13:46:31.521] DEBUG JakartaCommonsLoggingImpl.debug(JakartaCommonsLoggingImpl.java:54) - <==    Updates: 1
[2022-02-04 13:46:31.521] DEBUG JakartaCommonsLoggingImpl.debug(JakartaCommonsLoggingImpl.java:54) - Closing non transactional SqlSession [org.apache.ibatis.session.defaults.DefaultSqlSession@6069dd38]
[2022-02-04 13:46:31.521] DEBUG HomeDaoImple.InsertHome(HomeDaoImple.java:91) - flag:1
[2022-02-04 13:46:31.521] DEBUG JakartaCommonsLoggingImpl.debug(JakartaCommonsLoggingImpl.java:54) - Creating a new SqlSession
[2022-02-04 13:46:31.522] DEBUG JakartaCommonsLoggingImpl.debug(JakartaCommonsLoggingImpl.java:54) - SqlSession [org.apache.ibatis.session.defaults.DefaultSqlSession@433348bc] was not registered for synchronization because synchronization is not active
[2022-02-04 13:46:31.522] DEBUG DataSourceUtils.doGetConnection(DataSourceUtils.java:116) - Fetching JDBC Connection from DataSource
[2022-02-04 13:46:31.522] DEBUG JakartaCommonsLoggingImpl.debug(JakartaCommonsLoggingImpl.java:54) - JDBC Connection [jdbc:oracle:thin:@localhost:1521:xe, UserName=SPRING, Oracle JDBC driver] will not be managed by Spring
[2022-02-04 13:46:31.523] DEBUG JakartaCommonsLoggingImpl.debug(JakartaCommonsLoggingImpl.java:54) - ==>  Preparing: SELECT COUNT(*) cnt FROM home
[2022-02-04 13:46:31.523] DEBUG JakartaCommonsLoggingImpl.debug(JakartaCommonsLoggingImpl.java:54) - ==> Parameters: 
[2022-02-04 13:46:31.525] DEBUG JakartaCommonsLoggingImpl.debug(JakartaCommonsLoggingImpl.java:54) - <==      Total: 1
[2022-02-04 13:46:31.525] DEBUG JakartaCommonsLoggingImpl.debug(JakartaCommonsLoggingImpl.java:54) - Closing non transactional SqlSession [org.apache.ibatis.session.defaults.DefaultSqlSession@433348bc]
[2022-02-04 13:46:31.526] DEBUG HomeDaoImple.getHomeCount(HomeDaoImple.java:57) - ==============================
[2022-02-04 13:46:31.526] DEBUG HomeDaoImple.getHomeCount(HomeDaoImple.java:58) - ======getHomeCount======
[2022-02-04 13:46:31.526] DEBUG HomeDaoImple.getHomeCount(HomeDaoImple.java:59) - =count=1
[2022-02-04 13:46:31.527] DEBUG HomeDaoImple.getHomeCount(HomeDaoImple.java:60) - ==============================
[2022-02-04 13:46:31.527] DEBUG HomeDaoImple.locationLike(HomeDaoImple.java:145) - ==============================
[2022-02-04 13:46:31.527] DEBUG HomeDaoImple.locationLike(HomeDaoImple.java:146) - =param=HomeVO [Accom_Id=1, Accomodates=1, Bathrooms=1, Bedrooms=1, Descrption=방명록, Host_Id=안, Location=서울시, Price=70000, Property_Type=주택, Room_Type=복층, Beds=2, Building_Type=프라이빗, Currency_Unit=원, Name=테스트집, Avg_Point=0, toString()=com.dwav.vo.HomeVO@6920614]
[2022-02-04 13:46:31.527] DEBUG HomeDaoImple.locationLike(HomeDaoImple.java:147) - =statement=mapper.HomeMapper.locationLike
[2022-02-04 13:46:31.527] DEBUG HomeDaoImple.locationLike(HomeDaoImple.java:148) - ==============================
[2022-02-04 13:46:31.527] DEBUG JakartaCommonsLoggingImpl.debug(JakartaCommonsLoggingImpl.java:54) - Creating a new SqlSession
[2022-02-04 13:46:31.528] DEBUG JakartaCommonsLoggingImpl.debug(JakartaCommonsLoggingImpl.java:54) - SqlSession [org.apache.ibatis.session.defaults.DefaultSqlSession@102ecc22] was not registered for synchronization because synchronization is not active
[2022-02-04 13:46:31.528] DEBUG DataSourceUtils.doGetConnection(DataSourceUtils.java:116) - Fetching JDBC Connection from DataSource
[2022-02-04 13:46:31.528] DEBUG JakartaCommonsLoggingImpl.debug(JakartaCommonsLoggingImpl.java:54) - JDBC Connection [jdbc:oracle:thin:@localhost:1521:xe, UserName=SPRING, Oracle JDBC driver] will not be managed by Spring
[2022-02-04 13:46:31.529] DEBUG JakartaCommonsLoggingImpl.debug(JakartaCommonsLoggingImpl.java:54) - ==>  Preparing: SELECT accom_id, accomodates, bathrooms, bedrooms, descrption, host_id, location, price, property_type, room_type, beds, building_type, currency_unit, name, avg_point FROM home WHERE location = ?
[2022-02-04 13:46:31.529] DEBUG JakartaCommonsLoggingImpl.debug(JakartaCommonsLoggingImpl.java:54) - ==> Parameters: 서울시(String)
[2022-02-04 13:46:31.532] DEBUG JakartaCommonsLoggingImpl.debug(JakartaCommonsLoggingImpl.java:54) - <==      Total: 1
[2022-02-04 13:46:31.533] DEBUG JakartaCommonsLoggingImpl.debug(JakartaCommonsLoggingImpl.java:54) - Closing non transactional SqlSession [org.apache.ibatis.session.defaults.DefaultSqlSession@102ecc22]
[2022-02-04 13:46:31.533] DEBUG HomeDaoImple.locationLike(HomeDaoImple.java:151) - outVOHomeVO [Accom_Id=7, Accomodates=1, Bathrooms=1, Bedrooms=1, Descrption=방명록, Host_Id=안, Location=서울시, Price=70000, Property_Type=주택, Room_Type=복층, Beds=2, Building_Type=프라이빗, Currency_Unit=원, Name=테스트집, Avg_Point=0, toString()=com.dwav.vo.HomeVO@21bd20ee]
[2022-02-04 13:46:31.533] DEBUG HomeDaoImple.locationLike(HomeDaoImple.java:152) - ============================
[2022-02-04 13:46:31.533] DEBUG HomeDaoImple.SelectHome(HomeDaoImple.java:99) - ==============================
[2022-02-04 13:46:31.534] DEBUG HomeDaoImple.SelectHome(HomeDaoImple.java:100) - =========SelectHome===========
[2022-02-04 13:46:31.534] DEBUG HomeDaoImple.SelectHome(HomeDaoImple.java:101) - =inVO=HomeVO [Accom_Id=7, Accomodates=1, Bathrooms=1, Bedrooms=1, Descrption=방명록, Host_Id=안, Location=서울시, Price=70000, Property_Type=주택, Room_Type=복층, Beds=2, Building_Type=프라이빗, Currency_Unit=원, Name=테스트집, Avg_Point=0, toString()=com.dwav.vo.HomeVO@21bd20ee]
[2022-02-04 13:46:31.534] DEBUG HomeDaoImple.SelectHome(HomeDaoImple.java:102) - =statement=mapper.HomeMapper.SelectHome
[2022-02-04 13:46:31.534] DEBUG HomeDaoImple.SelectHome(HomeDaoImple.java:103) - ==============================
[2022-02-04 13:46:31.534] DEBUG JakartaCommonsLoggingImpl.debug(JakartaCommonsLoggingImpl.java:54) - Creating a new SqlSession
[2022-02-04 13:46:31.534] DEBUG JakartaCommonsLoggingImpl.debug(JakartaCommonsLoggingImpl.java:54) - SqlSession [org.apache.ibatis.session.defaults.DefaultSqlSession@26c47874] was not registered for synchronization because synchronization is not active
[2022-02-04 13:46:31.535] DEBUG DataSourceUtils.doGetConnection(DataSourceUtils.java:116) - Fetching JDBC Connection from DataSource
[2022-02-04 13:46:31.535] DEBUG JakartaCommonsLoggingImpl.debug(JakartaCommonsLoggingImpl.java:54) - JDBC Connection [jdbc:oracle:thin:@localhost:1521:xe, UserName=SPRING, Oracle JDBC driver] will not be managed by Spring
[2022-02-04 13:46:31.536] DEBUG JakartaCommonsLoggingImpl.debug(JakartaCommonsLoggingImpl.java:54) - ==>  Preparing: SELECT accom_id, accomodates, bathrooms, bedrooms, descrption, host_id, location, price, property_type, room_type, beds, building_type, currency_unit, name, avg_point FROM home WHERE Accom_Id = ?
[2022-02-04 13:46:31.536] DEBUG JakartaCommonsLoggingImpl.debug(JakartaCommonsLoggingImpl.java:54) - ==> Parameters: 7(Integer)
[2022-02-04 13:46:31.541] DEBUG JakartaCommonsLoggingImpl.debug(JakartaCommonsLoggingImpl.java:54) - <==      Total: 1
[2022-02-04 13:46:31.541] DEBUG JakartaCommonsLoggingImpl.debug(JakartaCommonsLoggingImpl.java:54) - Closing non transactional SqlSession [org.apache.ibatis.session.defaults.DefaultSqlSession@26c47874]
[2022-02-04 13:46:31.541] DEBUG HomeDaoImple.SelectHome(HomeDaoImple.java:107) - ==============================
[2022-02-04 13:46:31.542] DEBUG HomeDaoImple.SelectHome(HomeDaoImple.java:108) - =outVO=HomeVO [Accom_Id=7, Accomodates=1, Bathrooms=1, Bedrooms=1, Descrption=방명록, Host_Id=안, Location=서울시, Price=70000, Property_Type=주택, Room_Type=복층, Beds=2, Building_Type=프라이빗, Currency_Unit=원, Name=테스트집, Avg_Point=0, toString()=com.dwav.vo.HomeVO@421056e5]
[2022-02-04 13:46:31.542] DEBUG HomeDaoImple.SelectHome(HomeDaoImple.java:109) - ==============================
[2022-02-04 13:46:31.543] DEBUG HomeDaoImple.UpdateHome(HomeDaoImple.java:130) - ==============================
[2022-02-04 13:46:31.544] DEBUG HomeDaoImple.UpdateHome(HomeDaoImple.java:131) - =param=HomeVO [Accom_Id=7, Accomodates=1, Bathrooms=1, Bedrooms=1, Descrption=방명록, Host_Id=안, Location=서울시, Price=70000, Property_Type=주택, Room_Type=복층, Beds=2, Building_Type=프라이빗, Currency_Unit=원, Name=테스트집, Avg_Point=0, toString()=com.dwav.vo.HomeVO@21bd20ee]
[2022-02-04 13:46:31.544] DEBUG HomeDaoImple.UpdateHome(HomeDaoImple.java:132) - =statement=mapper.HomeMapper.UpdateHome
[2022-02-04 13:46:31.544] DEBUG HomeDaoImple.UpdateHome(HomeDaoImple.java:133) - ==============================
[2022-02-04 13:46:31.544] DEBUG JakartaCommonsLoggingImpl.debug(JakartaCommonsLoggingImpl.java:54) - Creating a new SqlSession
[2022-02-04 13:46:31.545] DEBUG JakartaCommonsLoggingImpl.debug(JakartaCommonsLoggingImpl.java:54) - SqlSession [org.apache.ibatis.session.defaults.DefaultSqlSession@2849434b] was not registered for synchronization because synchronization is not active
[2022-02-04 13:46:31.545] DEBUG DataSourceUtils.doGetConnection(DataSourceUtils.java:116) - Fetching JDBC Connection from DataSource
[2022-02-04 13:46:31.545] DEBUG JakartaCommonsLoggingImpl.debug(JakartaCommonsLoggingImpl.java:54) - JDBC Connection [jdbc:oracle:thin:@localhost:1521:xe, UserName=SPRING, Oracle JDBC driver] will not be managed by Spring
[2022-02-04 13:46:31.546] DEBUG JakartaCommonsLoggingImpl.debug(JakartaCommonsLoggingImpl.java:54) - ==>  Preparing: UPDATE home SET accomodates = ?, bathrooms = ?, bedrooms = ?, descrption = ?, host_id = ?, location = ?, price = ?, property_type = ?, room_type = ?, beds = ?, building_type = ?, currency_unit = ?, name = ?, avg_point = ? where accom_id = ?
[2022-02-04 13:46:31.547] DEBUG JakartaCommonsLoggingImpl.debug(JakartaCommonsLoggingImpl.java:54) - ==> Parameters: 1(Integer), 1(Integer), 1(Integer), 방명록(String), 안(String), 서울시(String), 70000(Integer), 주택(String), 복층(String), 2(Integer), 프라이빗(String), 원(String), 테스트집(String), 0(Integer), 7(Integer)
[2022-02-04 13:46:31.579] DEBUG JakartaCommonsLoggingImpl.debug(JakartaCommonsLoggingImpl.java:54) - <==    Updates: 1
[2022-02-04 13:46:31.579] DEBUG JakartaCommonsLoggingImpl.debug(JakartaCommonsLoggingImpl.java:54) - Closing non transactional SqlSession [org.apache.ibatis.session.defaults.DefaultSqlSession@2849434b]
[2022-02-04 13:46:31.580] DEBUG HomeDaoImple.UpdateHome(HomeDaoImple.java:135) - flag=1
[2022-02-04 13:46:31.580] DEBUG DefaultCacheAwareContextLoaderDelegate.loadContext(DefaultCacheAwareContextLoaderDelegate.java:137) - Retrieved ApplicationContext [1431467659] from cache with key [[MergedContextConfiguration@10d68fcd testClass = HomeTest, locations = '{file:src/main/webapp/WEB-INF/spring/root-context.xml, file:src/main/webapp/WEB-INF/spring/appServlet/servlet-context.xml}', classes = '{}', contextInitializerClasses = '[]', activeProfiles = '{}', propertySourceLocations = '{}', propertySourceProperties = '{}', contextCustomizers = set[[empty]], contextLoader = 'org.springframework.test.context.support.DelegatingSmartContextLoader', parent = [null]]]
[2022-02-04 13:46:31.581] DEBUG DefaultContextCache.logStatistics(DefaultContextCache.java:290) - Spring test ApplicationContext cache statistics: [DefaultContextCache@3afae281 size = 1, maxSize = 32, parentContextCount = 0, hitCount = 16, missCount = 1]
[2022-02-04 13:46:31.581] DEBUG DefaultCacheAwareContextLoaderDelegate.loadContext(DefaultCacheAwareContextLoaderDelegate.java:137) - Retrieved ApplicationContext [1431467659] from cache with key [[MergedContextConfiguration@10d68fcd testClass = HomeTest, locations = '{file:src/main/webapp/WEB-INF/spring/root-context.xml, file:src/main/webapp/WEB-INF/spring/appServlet/servlet-context.xml}', classes = '{}', contextInitializerClasses = '[]', activeProfiles = '{}', propertySourceLocations = '{}', propertySourceProperties = '{}', contextCustomizers = set[[empty]], contextLoader = 'org.springframework.test.context.support.DelegatingSmartContextLoader', parent = [null]]]
[2022-02-04 13:46:31.582] DEBUG DefaultContextCache.logStatistics(DefaultContextCache.java:290) - Spring test ApplicationContext cache statistics: [DefaultContextCache@3afae281 size = 1, maxSize = 32, parentContextCount = 0, hitCount = 17, missCount = 1]
[2022-02-04 13:46:31.582] DEBUG AbstractDirtiesContextTestExecutionListener.beforeOrAfterTestMethod(AbstractDirtiesContextTestExecutionListener.java:108) - After test method: context [DefaultTestContext@424e1977 testClass = HomeTest, testInstance = com.dwav.HomeTest@7f353d99, testMethod = doUpdate@HomeTest, testException = [null], mergedContextConfiguration = [MergedContextConfiguration@10d68fcd testClass = HomeTest, locations = '{file:src/main/webapp/WEB-INF/spring/root-context.xml, file:src/main/webapp/WEB-INF/spring/appServlet/servlet-context.xml}', classes = '{}', contextInitializerClasses = '[]', activeProfiles = '{}', propertySourceLocations = '{}', propertySourceProperties = '{}', contextCustomizers = set[[empty]], contextLoader = 'org.springframework.test.context.support.DelegatingSmartContextLoader', parent = [null]], attributes = map['org.springframework.test.context.event.ApplicationEventsTestExecutionListener.recordApplicationEvents' -> false]], class annotated with @DirtiesContext [false] with mode [null], method annotated with @DirtiesContext [false] with mode [null].
[2022-02-04 13:46:31.583] DEBUG ProfileValueUtils.retrieveProfileValueSource(ProfileValueUtils.java:70) - Retrieved @ProfileValueSourceConfiguration [null] for test class [com.dwav.HomeTest]
[2022-02-04 13:46:31.583] DEBUG ProfileValueUtils.retrieveProfileValueSource(ProfileValueUtils.java:83) - Retrieved ProfileValueSource type [class org.springframework.test.annotation.SystemProfileValueSource] for class [com.dwav.HomeTest]
[2022-02-04 13:46:31.583] DEBUG DependencyInjectionTestExecutionListener.prepareTestInstance(DependencyInjectionTestExecutionListener.java:81) - Performing dependency injection for test context [[DefaultTestContext@424e1977 testClass = HomeTest, testInstance = com.dwav.HomeTest@60bbacfc, testMethod = [null], testException = [null], mergedContextConfiguration = [MergedContextConfiguration@10d68fcd testClass = HomeTest, locations = '{file:src/main/webapp/WEB-INF/spring/root-context.xml, file:src/main/webapp/WEB-INF/spring/appServlet/servlet-context.xml}', classes = '{}', contextInitializerClasses = '[]', activeProfiles = '{}', propertySourceLocations = '{}', propertySourceProperties = '{}', contextCustomizers = set[[empty]], contextLoader = 'org.springframework.test.context.support.DelegatingSmartContextLoader', parent = [null]], attributes = map['org.springframework.test.context.event.ApplicationEventsTestExecutionListener.recordApplicationEvents' -> false]]].
[2022-02-04 13:46:31.584] DEBUG DefaultCacheAwareContextLoaderDelegate.loadContext(DefaultCacheAwareContextLoaderDelegate.java:137) - Retrieved ApplicationContext [1431467659] from cache with key [[MergedContextConfiguration@10d68fcd testClass = HomeTest, locations = '{file:src/main/webapp/WEB-INF/spring/root-context.xml, file:src/main/webapp/WEB-INF/spring/appServlet/servlet-context.xml}', classes = '{}', contextInitializerClasses = '[]', activeProfiles = '{}', propertySourceLocations = '{}', propertySourceProperties = '{}', contextCustomizers = set[[empty]], contextLoader = 'org.springframework.test.context.support.DelegatingSmartContextLoader', parent = [null]]]
[2022-02-04 13:46:31.584] DEBUG DefaultContextCache.logStatistics(DefaultContextCache.java:290) - Spring test ApplicationContext cache statistics: [DefaultContextCache@3afae281 size = 1, maxSize = 32, parentContextCount = 0, hitCount = 18, missCount = 1]
[2022-02-04 13:46:31.589] DEBUG DefaultCacheAwareContextLoaderDelegate.loadContext(DefaultCacheAwareContextLoaderDelegate.java:137) - Retrieved ApplicationContext [1431467659] from cache with key [[MergedContextConfiguration@10d68fcd testClass = HomeTest, locations = '{file:src/main/webapp/WEB-INF/spring/root-context.xml, file:src/main/webapp/WEB-INF/spring/appServlet/servlet-context.xml}', classes = '{}', contextInitializerClasses = '[]', activeProfiles = '{}', propertySourceLocations = '{}', propertySourceProperties = '{}', contextCustomizers = set[[empty]], contextLoader = 'org.springframework.test.context.support.DelegatingSmartContextLoader', parent = [null]]]
[2022-02-04 13:46:31.590] DEBUG DefaultContextCache.logStatistics(DefaultContextCache.java:290) - Spring test ApplicationContext cache statistics: [DefaultContextCache@3afae281 size = 1, maxSize = 32, parentContextCount = 0, hitCount = 19, missCount = 1]
[2022-02-04 13:46:31.591] DEBUG AbstractDirtiesContextTestExecutionListener.beforeOrAfterTestMethod(AbstractDirtiesContextTestExecutionListener.java:108) - Before test method: context [DefaultTestContext@424e1977 testClass = HomeTest, testInstance = com.dwav.HomeTest@60bbacfc, testMethod = getAllHome@HomeTest, testException = [null], mergedContextConfiguration = [MergedContextConfiguration@10d68fcd testClass = HomeTest, locations = '{file:src/main/webapp/WEB-INF/spring/root-context.xml, file:src/main/webapp/WEB-INF/spring/appServlet/servlet-context.xml}', classes = '{}', contextInitializerClasses = '[]', activeProfiles = '{}', propertySourceLocations = '{}', propertySourceProperties = '{}', contextCustomizers = set[[empty]], contextLoader = 'org.springframework.test.context.support.DelegatingSmartContextLoader', parent = [null]], attributes = map['org.springframework.test.context.event.ApplicationEventsTestExecutionListener.recordApplicationEvents' -> false]], class annotated with @DirtiesContext [false] with mode [null], method annotated with @DirtiesContext [false] with mode [null].
[2022-02-04 13:46:31.592] DEBUG DefaultCacheAwareContextLoaderDelegate.loadContext(DefaultCacheAwareContextLoaderDelegate.java:137) - Retrieved ApplicationContext [1431467659] from cache with key [[MergedContextConfiguration@10d68fcd testClass = HomeTest, locations = '{file:src/main/webapp/WEB-INF/spring/root-context.xml, file:src/main/webapp/WEB-INF/spring/appServlet/servlet-context.xml}', classes = '{}', contextInitializerClasses = '[]', activeProfiles = '{}', propertySourceLocations = '{}', propertySourceProperties = '{}', contextCustomizers = set[[empty]], contextLoader = 'org.springframework.test.context.support.DelegatingSmartContextLoader', parent = [null]]]
[2022-02-04 13:46:31.592] DEBUG DefaultContextCache.logStatistics(DefaultContextCache.java:290) - Spring test ApplicationContext cache statistics: [DefaultContextCache@3afae281 size = 1, maxSize = 32, parentContextCount = 0, hitCount = 20, missCount = 1]
[2022-02-04 13:46:31.592] DEBUG HomeTest.setup(HomeTest.java:52) - 1====================
[2022-02-04 13:46:31.592] DEBUG HomeTest.setup(HomeTest.java:53) - 1=context=org.springframework.context.support.GenericApplicationContext@5552768b, started on Fri Feb 04 13:46:24 KST 2022
[2022-02-04 13:46:31.593] DEBUG HomeTest.setup(HomeTest.java:54) - 1=dao=com.dwav.daoImp.HomeDaoImple@66ba7e45
[2022-02-04 13:46:31.593] DEBUG HomeTest.setup(HomeTest.java:55) - 1====================
[2022-02-04 13:46:31.593] DEBUG DefaultCacheAwareContextLoaderDelegate.loadContext(DefaultCacheAwareContextLoaderDelegate.java:137) - Retrieved ApplicationContext [1431467659] from cache with key [[MergedContextConfiguration@10d68fcd testClass = HomeTest, locations = '{file:src/main/webapp/WEB-INF/spring/root-context.xml, file:src/main/webapp/WEB-INF/spring/appServlet/servlet-context.xml}', classes = '{}', contextInitializerClasses = '[]', activeProfiles = '{}', propertySourceLocations = '{}', propertySourceProperties = '{}', contextCustomizers = set[[empty]], contextLoader = 'org.springframework.test.context.support.DelegatingSmartContextLoader', parent = [null]]]
[2022-02-04 13:46:31.594] DEBUG DefaultContextCache.logStatistics(DefaultContextCache.java:290) - Spring test ApplicationContext cache statistics: [DefaultContextCache@3afae281 size = 1, maxSize = 32, parentContextCount = 0, hitCount = 21, missCount = 1]
[2022-02-04 13:46:31.594] DEBUG HomeDaoImple.deleteHomeAll(HomeDaoImple.java:68) - ==============================
[2022-02-04 13:46:31.594] DEBUG HomeDaoImple.deleteHomeAll(HomeDaoImple.java:69) - =======deleteHomeAll========
[2022-02-04 13:46:31.594] DEBUG HomeDaoImple.deleteHomeAll(HomeDaoImple.java:70) - =statement=mapper.HomeMapper.deleteHomeAll
[2022-02-04 13:46:31.594] DEBUG HomeDaoImple.deleteHomeAll(HomeDaoImple.java:71) - ==============================
[2022-02-04 13:46:31.594] DEBUG JakartaCommonsLoggingImpl.debug(JakartaCommonsLoggingImpl.java:54) - Creating a new SqlSession
[2022-02-04 13:46:31.595] DEBUG JakartaCommonsLoggingImpl.debug(JakartaCommonsLoggingImpl.java:54) - SqlSession [org.apache.ibatis.session.defaults.DefaultSqlSession@255eaa6b] was not registered for synchronization because synchronization is not active
[2022-02-04 13:46:31.595] DEBUG DataSourceUtils.doGetConnection(DataSourceUtils.java:116) - Fetching JDBC Connection from DataSource
[2022-02-04 13:46:31.595] DEBUG JakartaCommonsLoggingImpl.debug(JakartaCommonsLoggingImpl.java:54) - JDBC Connection [jdbc:oracle:thin:@localhost:1521:xe, UserName=SPRING, Oracle JDBC driver] will not be managed by Spring
[2022-02-04 13:46:31.595] DEBUG JakartaCommonsLoggingImpl.debug(JakartaCommonsLoggingImpl.java:54) - ==>  Preparing: delete from home
[2022-02-04 13:46:31.596] DEBUG JakartaCommonsLoggingImpl.debug(JakartaCommonsLoggingImpl.java:54) - ==> Parameters: 
[2022-02-04 13:46:31.614] DEBUG JakartaCommonsLoggingImpl.debug(JakartaCommonsLoggingImpl.java:54) - <==    Updates: 1
[2022-02-04 13:46:31.614] DEBUG JakartaCommonsLoggingImpl.debug(JakartaCommonsLoggingImpl.java:54) - Closing non transactional SqlSession [org.apache.ibatis.session.defaults.DefaultSqlSession@255eaa6b]
[2022-02-04 13:46:31.614] DEBUG HomeDaoImple.deleteHomeAll(HomeDaoImple.java:74) - ==============================
[2022-02-04 13:46:31.614] DEBUG HomeDaoImple.deleteHomeAll(HomeDaoImple.java:75) - =flag=1
[2022-02-04 13:46:31.614] DEBUG HomeDaoImple.deleteHomeAll(HomeDaoImple.java:76) - ==============================
[2022-02-04 13:46:31.615] DEBUG HomeDaoImple.InsertHome(HomeDaoImple.java:84) - ==============================
[2022-02-04 13:46:31.615] DEBUG HomeDaoImple.InsertHome(HomeDaoImple.java:85) - ====InsertHome====
[2022-02-04 13:46:31.615] DEBUG HomeDaoImple.InsertHome(HomeDaoImple.java:86) - =statement=mapper.HomeMapper.InsertHome
[2022-02-04 13:46:31.615] DEBUG HomeDaoImple.InsertHome(HomeDaoImple.java:87) - =inVO=HomeVO [Accom_Id=1, Accomodates=1, Bathrooms=1, Bedrooms=1, Descrption=방명록, Host_Id=안, Location=서울시, Price=70000, Property_Type=주택, Room_Type=복층, Beds=2, Building_Type=프라이빗, Currency_Unit=원, Name=테스트집, Avg_Point=0, toString()=com.dwav.vo.HomeVO@476fe690]
[2022-02-04 13:46:31.615] DEBUG HomeDaoImple.InsertHome(HomeDaoImple.java:88) - ==============================
[2022-02-04 13:46:31.615] DEBUG JakartaCommonsLoggingImpl.debug(JakartaCommonsLoggingImpl.java:54) - Creating a new SqlSession
[2022-02-04 13:46:31.615] DEBUG JakartaCommonsLoggingImpl.debug(JakartaCommonsLoggingImpl.java:54) - SqlSession [org.apache.ibatis.session.defaults.DefaultSqlSession@7a0e7ecd] was not registered for synchronization because synchronization is not active
[2022-02-04 13:46:31.616] DEBUG DataSourceUtils.doGetConnection(DataSourceUtils.java:116) - Fetching JDBC Connection from DataSource
[2022-02-04 13:46:31.616] DEBUG JakartaCommonsLoggingImpl.debug(JakartaCommonsLoggingImpl.java:54) - JDBC Connection [jdbc:oracle:thin:@localhost:1521:xe, UserName=SPRING, Oracle JDBC driver] will not be managed by Spring
[2022-02-04 13:46:31.617] DEBUG JakartaCommonsLoggingImpl.debug(JakartaCommonsLoggingImpl.java:54) - ==>  Preparing: INSERT INTO home ( accomodates, bathrooms, bedrooms, descrption, host_Id, location, price, property_Type, room_Type, beds, building_Type, currency_Unit, name, avg_point ) VALUES ( ?, ?, ?, ?, ?, ?, ?, ?, ?, ?, ?, ?, ?, ? )
[2022-02-04 13:46:31.618] DEBUG JakartaCommonsLoggingImpl.debug(JakartaCommonsLoggingImpl.java:54) - ==> Parameters: 1(Integer), 1(Integer), 1(Integer), 방명록(String), 안(String), 서울시(String), 70000(Integer), 주택(String), 복층(String), 2(Integer), 프라이빗(String), 원(String), 테스트집(String), 0(Integer)
[2022-02-04 13:46:31.635] DEBUG JakartaCommonsLoggingImpl.debug(JakartaCommonsLoggingImpl.java:54) - <==    Updates: 1
[2022-02-04 13:46:31.636] DEBUG JakartaCommonsLoggingImpl.debug(JakartaCommonsLoggingImpl.java:54) - Closing non transactional SqlSession [org.apache.ibatis.session.defaults.DefaultSqlSession@7a0e7ecd]
[2022-02-04 13:46:31.636] DEBUG HomeDaoImple.InsertHome(HomeDaoImple.java:91) - flag:1
[2022-02-04 13:46:31.636] DEBUG HomeDaoImple.InsertHome(HomeDaoImple.java:84) - ==============================
[2022-02-04 13:46:31.636] DEBUG HomeDaoImple.InsertHome(HomeDaoImple.java:85) - ====InsertHome====
[2022-02-04 13:46:31.637] DEBUG HomeDaoImple.InsertHome(HomeDaoImple.java:86) - =statement=mapper.HomeMapper.InsertHome
[2022-02-04 13:46:31.637] DEBUG HomeDaoImple.InsertHome(HomeDaoImple.java:87) - =inVO=HomeVO [Accom_Id=2, Accomodates=2, Bathrooms=2, Bedrooms=2, Descrption=test집, Host_Id=test, Location=서울시, Price=70000, Property_Type=개인주택, Room_Type=일반방, Beds=5, Building_Type=개인, Currency_Unit=원, Name=테스트, Avg_Point=0, toString()=com.dwav.vo.HomeVO@a66e580]
[2022-02-04 13:46:31.637] DEBUG HomeDaoImple.InsertHome(HomeDaoImple.java:88) - ==============================
[2022-02-04 13:46:31.637] DEBUG JakartaCommonsLoggingImpl.debug(JakartaCommonsLoggingImpl.java:54) - Creating a new SqlSession
[2022-02-04 13:46:31.637] DEBUG JakartaCommonsLoggingImpl.debug(JakartaCommonsLoggingImpl.java:54) - SqlSession [org.apache.ibatis.session.defaults.DefaultSqlSession@5b852b49] was not registered for synchronization because synchronization is not active
[2022-02-04 13:46:31.638] DEBUG DataSourceUtils.doGetConnection(DataSourceUtils.java:116) - Fetching JDBC Connection from DataSource
[2022-02-04 13:46:31.638] DEBUG JakartaCommonsLoggingImpl.debug(JakartaCommonsLoggingImpl.java:54) - JDBC Connection [jdbc:oracle:thin:@localhost:1521:xe, UserName=SPRING, Oracle JDBC driver] will not be managed by Spring
[2022-02-04 13:46:31.638] DEBUG JakartaCommonsLoggingImpl.debug(JakartaCommonsLoggingImpl.java:54) - ==>  Preparing: INSERT INTO home ( accomodates, bathrooms, bedrooms, descrption, host_Id, location, price, property_Type, room_Type, beds, building_Type, currency_Unit, name, avg_point ) VALUES ( ?, ?, ?, ?, ?, ?, ?, ?, ?, ?, ?, ?, ?, ? )
[2022-02-04 13:46:31.639] DEBUG JakartaCommonsLoggingImpl.debug(JakartaCommonsLoggingImpl.java:54) - ==> Parameters: 2(Integer), 2(Integer), 2(Integer), test집(String), test(String), 서울시(String), 70000(Integer), 개인주택(String), 일반방(String), 5(Integer), 개인(String), 원(String), 테스트(String), 0(Integer)
[2022-02-04 13:46:31.641] DEBUG JakartaCommonsLoggingImpl.debug(JakartaCommonsLoggingImpl.java:54) - <==    Updates: 1
[2022-02-04 13:46:31.642] DEBUG JakartaCommonsLoggingImpl.debug(JakartaCommonsLoggingImpl.java:54) - Closing non transactional SqlSession [org.apache.ibatis.session.defaults.DefaultSqlSession@5b852b49]
[2022-02-04 13:46:31.642] DEBUG HomeDaoImple.InsertHome(HomeDaoImple.java:91) - flag:1
[2022-02-04 13:46:31.642] DEBUG HomeDaoImple.InsertHome(HomeDaoImple.java:84) - ==============================
[2022-02-04 13:46:31.642] DEBUG HomeDaoImple.InsertHome(HomeDaoImple.java:85) - ====InsertHome====
[2022-02-04 13:46:31.642] DEBUG HomeDaoImple.InsertHome(HomeDaoImple.java:86) - =statement=mapper.HomeMapper.InsertHome
[2022-02-04 13:46:31.642] DEBUG HomeDaoImple.InsertHome(HomeDaoImple.java:87) - =inVO=HomeVO [Accom_Id=3, Accomodates=3, Bathrooms=3, Bedrooms=3, Descrption=, Host_Id=test3, Location=서울시, Price=80000, Property_Type=집, Room_Type=집, Beds=2, Building_Type=집, Currency_Unit=원, Name=테스트3집, Avg_Point=0, toString()=com.dwav.vo.HomeVO@cdb2d95]
[2022-02-04 13:46:31.644] DEBUG HomeDaoImple.InsertHome(HomeDaoImple.java:88) - ==============================
[2022-02-04 13:46:31.644] DEBUG JakartaCommonsLoggingImpl.debug(JakartaCommonsLoggingImpl.java:54) - Creating a new SqlSession
[2022-02-04 13:46:31.644] DEBUG JakartaCommonsLoggingImpl.debug(JakartaCommonsLoggingImpl.java:54) - SqlSession [org.apache.ibatis.session.defaults.DefaultSqlSession@122d6c22] was not registered for synchronization because synchronization is not active
[2022-02-04 13:46:31.645] DEBUG DataSourceUtils.doGetConnection(DataSourceUtils.java:116) - Fetching JDBC Connection from DataSource
[2022-02-04 13:46:31.645] DEBUG JakartaCommonsLoggingImpl.debug(JakartaCommonsLoggingImpl.java:54) - JDBC Connection [jdbc:oracle:thin:@localhost:1521:xe, UserName=SPRING, Oracle JDBC driver] will not be managed by Spring
[2022-02-04 13:46:31.645] DEBUG JakartaCommonsLoggingImpl.debug(JakartaCommonsLoggingImpl.java:54) - ==>  Preparing: INSERT INTO home ( accomodates, bathrooms, bedrooms, descrption, host_Id, location, price, property_Type, room_Type, beds, building_Type, currency_Unit, name, avg_point ) VALUES ( ?, ?, ?, ?, ?, ?, ?, ?, ?, ?, ?, ?, ?, ? )
[2022-02-04 13:46:31.646] DEBUG JakartaCommonsLoggingImpl.debug(JakartaCommonsLoggingImpl.java:54) - ==> Parameters: 3(Integer), 3(Integer), 3(Integer), (String), test3(String), 서울시(String), 80000(Integer), 집(String), 집(String), 2(Integer), 집(String), 원(String), 테스트3집(String), 0(Integer)
[2022-02-04 13:46:31.681] DEBUG JakartaCommonsLoggingImpl.debug(JakartaCommonsLoggingImpl.java:54) - <==    Updates: 1
[2022-02-04 13:46:31.682] DEBUG JakartaCommonsLoggingImpl.debug(JakartaCommonsLoggingImpl.java:54) - Closing non transactional SqlSession [org.apache.ibatis.session.defaults.DefaultSqlSession@122d6c22]
[2022-02-04 13:46:31.682] DEBUG HomeDaoImple.InsertHome(HomeDaoImple.java:91) - flag:1
[2022-02-04 13:46:31.682] DEBUG JakartaCommonsLoggingImpl.debug(JakartaCommonsLoggingImpl.java:54) - Creating a new SqlSession
[2022-02-04 13:46:31.682] DEBUG JakartaCommonsLoggingImpl.debug(JakartaCommonsLoggingImpl.java:54) - SqlSession [org.apache.ibatis.session.defaults.DefaultSqlSession@2f5ac102] was not registered for synchronization because synchronization is not active
[2022-02-04 13:46:31.683] DEBUG DataSourceUtils.doGetConnection(DataSourceUtils.java:116) - Fetching JDBC Connection from DataSource
[2022-02-04 13:46:31.683] DEBUG JakartaCommonsLoggingImpl.debug(JakartaCommonsLoggingImpl.java:54) - JDBC Connection [jdbc:oracle:thin:@localhost:1521:xe, UserName=SPRING, Oracle JDBC driver] will not be managed by Spring
[2022-02-04 13:46:31.683] DEBUG JakartaCommonsLoggingImpl.debug(JakartaCommonsLoggingImpl.java:54) - ==>  Preparing: SELECT * FROM home
[2022-02-04 13:46:31.684] DEBUG JakartaCommonsLoggingImpl.debug(JakartaCommonsLoggingImpl.java:54) - ==> Parameters: 
[2022-02-04 13:46:31.687] DEBUG JakartaCommonsLoggingImpl.debug(JakartaCommonsLoggingImpl.java:54) - <==      Total: 3
[2022-02-04 13:46:31.687] DEBUG JakartaCommonsLoggingImpl.debug(JakartaCommonsLoggingImpl.java:54) - Closing non transactional SqlSession [org.apache.ibatis.session.defaults.DefaultSqlSession@2f5ac102]
[2022-02-04 13:46:31.687] DEBUG HomeDaoImple.getAll(HomeDaoImple.java:46) - vo:HomeVO [Accom_Id=8, Accomodates=1, Bathrooms=1, Bedrooms=1, Descrption=방명록, Host_Id=안, Location=서울시, Price=70000, Property_Type=주택, Room_Type=복층, Beds=2, Building_Type=프라이빗, Currency_Unit=원, Name=테스트집, Avg_Point=0, toString()=com.dwav.vo.HomeVO@5f7989fa]
[2022-02-04 13:46:31.688] DEBUG HomeDaoImple.getAll(HomeDaoImple.java:46) - vo:HomeVO [Accom_Id=10, Accomodates=3, Bathrooms=3, Bedrooms=3, Descrption=null, Host_Id=test3, Location=서울시, Price=80000, Property_Type=집, Room_Type=집, Beds=2, Building_Type=집, Currency_Unit=원, Name=테스트3집, Avg_Point=0, toString()=com.dwav.vo.HomeVO@5bc28f40]
[2022-02-04 13:46:31.688] DEBUG HomeDaoImple.getAll(HomeDaoImple.java:46) - vo:HomeVO [Accom_Id=9, Accomodates=2, Bathrooms=2, Bedrooms=2, Descrption=test집, Host_Id=test, Location=서울시, Price=70000, Property_Type=개인주택, Room_Type=일반방, Beds=5, Building_Type=개인, Currency_Unit=원, Name=테스트, Avg_Point=0, toString()=com.dwav.vo.HomeVO@46963479]
[2022-02-04 13:46:31.688] DEBUG DefaultCacheAwareContextLoaderDelegate.loadContext(DefaultCacheAwareContextLoaderDelegate.java:137) - Retrieved ApplicationContext [1431467659] from cache with key [[MergedContextConfiguration@10d68fcd testClass = HomeTest, locations = '{file:src/main/webapp/WEB-INF/spring/root-context.xml, file:src/main/webapp/WEB-INF/spring/appServlet/servlet-context.xml}', classes = '{}', contextInitializerClasses = '[]', activeProfiles = '{}', propertySourceLocations = '{}', propertySourceProperties = '{}', contextCustomizers = set[[empty]], contextLoader = 'org.springframework.test.context.support.DelegatingSmartContextLoader', parent = [null]]]
[2022-02-04 13:46:31.689] DEBUG DefaultContextCache.logStatistics(DefaultContextCache.java:290) - Spring test ApplicationContext cache statistics: [DefaultContextCache@3afae281 size = 1, maxSize = 32, parentContextCount = 0, hitCount = 22, missCount = 1]
[2022-02-04 13:46:31.689] DEBUG DefaultCacheAwareContextLoaderDelegate.loadContext(DefaultCacheAwareContextLoaderDelegate.java:137) - Retrieved ApplicationContext [1431467659] from cache with key [[MergedContextConfiguration@10d68fcd testClass = HomeTest, locations = '{file:src/main/webapp/WEB-INF/spring/root-context.xml, file:src/main/webapp/WEB-INF/spring/appServlet/servlet-context.xml}', classes = '{}', contextInitializerClasses = '[]', activeProfiles = '{}', propertySourceLocations = '{}', propertySourceProperties = '{}', contextCustomizers = set[[empty]], contextLoader = 'org.springframework.test.context.support.DelegatingSmartContextLoader', parent = [null]]]
[2022-02-04 13:46:31.689] DEBUG DefaultContextCache.logStatistics(DefaultContextCache.java:290) - Spring test ApplicationContext cache statistics: [DefaultContextCache@3afae281 size = 1, maxSize = 32, parentContextCount = 0, hitCount = 23, missCount = 1]
[2022-02-04 13:46:31.690] DEBUG AbstractDirtiesContextTestExecutionListener.beforeOrAfterTestMethod(AbstractDirtiesContextTestExecutionListener.java:108) - After test method: context [DefaultTestContext@424e1977 testClass = HomeTest, testInstance = com.dwav.HomeTest@60bbacfc, testMethod = getAllHome@HomeTest, testException = [null], mergedContextConfiguration = [MergedContextConfiguration@10d68fcd testClass = HomeTest, locations = '{file:src/main/webapp/WEB-INF/spring/root-context.xml, file:src/main/webapp/WEB-INF/spring/appServlet/servlet-context.xml}', classes = '{}', contextInitializerClasses = '[]', activeProfiles = '{}', propertySourceLocations = '{}', propertySourceProperties = '{}', contextCustomizers = set[[empty]], contextLoader = 'org.springframework.test.context.support.DelegatingSmartContextLoader', parent = [null]], attributes = map['org.springframework.test.context.event.ApplicationEventsTestExecutionListener.recordApplicationEvents' -> false]], class annotated with @DirtiesContext [false] with mode [null], method annotated with @DirtiesContext [false] with mode [null].
[2022-02-04 13:46:31.690] DEBUG ProfileValueUtils.retrieveProfileValueSource(ProfileValueUtils.java:70) - Retrieved @ProfileValueSourceConfiguration [null] for test class [com.dwav.HomeTest]
[2022-02-04 13:46:31.691] DEBUG ProfileValueUtils.retrieveProfileValueSource(ProfileValueUtils.java:83) - Retrieved ProfileValueSource type [class org.springframework.test.annotation.SystemProfileValueSource] for class [com.dwav.HomeTest]
[2022-02-04 13:46:31.691] DEBUG DependencyInjectionTestExecutionListener.prepareTestInstance(DependencyInjectionTestExecutionListener.java:81) - Performing dependency injection for test context [[DefaultTestContext@424e1977 testClass = HomeTest, testInstance = com.dwav.HomeTest@7e74a380, testMethod = [null], testException = [null], mergedContextConfiguration = [MergedContextConfiguration@10d68fcd testClass = HomeTest, locations = '{file:src/main/webapp/WEB-INF/spring/root-context.xml, file:src/main/webapp/WEB-INF/spring/appServlet/servlet-context.xml}', classes = '{}', contextInitializerClasses = '[]', activeProfiles = '{}', propertySourceLocations = '{}', propertySourceProperties = '{}', contextCustomizers = set[[empty]], contextLoader = 'org.springframework.test.context.support.DelegatingSmartContextLoader', parent = [null]], attributes = map['org.springframework.test.context.event.ApplicationEventsTestExecutionListener.recordApplicationEvents' -> false]]].
[2022-02-04 13:46:31.691] DEBUG DefaultCacheAwareContextLoaderDelegate.loadContext(DefaultCacheAwareContextLoaderDelegate.java:137) - Retrieved ApplicationContext [1431467659] from cache with key [[MergedContextConfiguration@10d68fcd testClass = HomeTest, locations = '{file:src/main/webapp/WEB-INF/spring/root-context.xml, file:src/main/webapp/WEB-INF/spring/appServlet/servlet-context.xml}', classes = '{}', contextInitializerClasses = '[]', activeProfiles = '{}', propertySourceLocations = '{}', propertySourceProperties = '{}', contextCustomizers = set[[empty]], contextLoader = 'org.springframework.test.context.support.DelegatingSmartContextLoader', parent = [null]]]
[2022-02-04 13:46:31.692] DEBUG DefaultContextCache.logStatistics(DefaultContextCache.java:290) - Spring test ApplicationContext cache statistics: [DefaultContextCache@3afae281 size = 1, maxSize = 32, parentContextCount = 0, hitCount = 24, missCount = 1]
[2022-02-04 13:46:31.693] DEBUG DefaultCacheAwareContextLoaderDelegate.loadContext(DefaultCacheAwareContextLoaderDelegate.java:137) - Retrieved ApplicationContext [1431467659] from cache with key [[MergedContextConfiguration@10d68fcd testClass = HomeTest, locations = '{file:src/main/webapp/WEB-INF/spring/root-context.xml, file:src/main/webapp/WEB-INF/spring/appServlet/servlet-context.xml}', classes = '{}', contextInitializerClasses = '[]', activeProfiles = '{}', propertySourceLocations = '{}', propertySourceProperties = '{}', contextCustomizers = set[[empty]], contextLoader = 'org.springframework.test.context.support.DelegatingSmartContextLoader', parent = [null]]]
[2022-02-04 13:46:31.693] DEBUG DefaultContextCache.logStatistics(DefaultContextCache.java:290) - Spring test ApplicationContext cache statistics: [DefaultContextCache@3afae281 size = 1, maxSize = 32, parentContextCount = 0, hitCount = 25, missCount = 1]
[2022-02-04 13:46:31.695] DEBUG AbstractDirtiesContextTestExecutionListener.beforeOrAfterTestMethod(AbstractDirtiesContextTestExecutionListener.java:108) - Before test method: context [DefaultTestContext@424e1977 testClass = HomeTest, testInstance = com.dwav.HomeTest@7e74a380, testMethod = getHomeListBySearchBar@HomeTest, testException = [null], mergedContextConfiguration = [MergedContextConfiguration@10d68fcd testClass = HomeTest, locations = '{file:src/main/webapp/WEB-INF/spring/root-context.xml, file:src/main/webapp/WEB-INF/spring/appServlet/servlet-context.xml}', classes = '{}', contextInitializerClasses = '[]', activeProfiles = '{}', propertySourceLocations = '{}', propertySourceProperties = '{}', contextCustomizers = set[[empty]], contextLoader = 'org.springframework.test.context.support.DelegatingSmartContextLoader', parent = [null]], attributes = map['org.springframework.test.context.event.ApplicationEventsTestExecutionListener.recordApplicationEvents' -> false]], class annotated with @DirtiesContext [false] with mode [null], method annotated with @DirtiesContext [false] with mode [null].
[2022-02-04 13:46:31.696] DEBUG DefaultCacheAwareContextLoaderDelegate.loadContext(DefaultCacheAwareContextLoaderDelegate.java:137) - Retrieved ApplicationContext [1431467659] from cache with key [[MergedContextConfiguration@10d68fcd testClass = HomeTest, locations = '{file:src/main/webapp/WEB-INF/spring/root-context.xml, file:src/main/webapp/WEB-INF/spring/appServlet/servlet-context.xml}', classes = '{}', contextInitializerClasses = '[]', activeProfiles = '{}', propertySourceLocations = '{}', propertySourceProperties = '{}', contextCustomizers = set[[empty]], contextLoader = 'org.springframework.test.context.support.DelegatingSmartContextLoader', parent = [null]]]
[2022-02-04 13:46:31.696] DEBUG DefaultContextCache.logStatistics(DefaultContextCache.java:290) - Spring test ApplicationContext cache statistics: [DefaultContextCache@3afae281 size = 1, maxSize = 32, parentContextCount = 0, hitCount = 26, missCount = 1]
[2022-02-04 13:46:31.696] DEBUG HomeTest.setup(HomeTest.java:52) - 1====================
[2022-02-04 13:46:31.697] DEBUG HomeTest.setup(HomeTest.java:53) - 1=context=org.springframework.context.support.GenericApplicationContext@5552768b, started on Fri Feb 04 13:46:24 KST 2022
[2022-02-04 13:46:31.697] DEBUG HomeTest.setup(HomeTest.java:54) - 1=dao=com.dwav.daoImp.HomeDaoImple@66ba7e45
[2022-02-04 13:46:31.697] DEBUG HomeTest.setup(HomeTest.java:55) - 1====================
[2022-02-04 13:46:31.697] DEBUG DefaultCacheAwareContextLoaderDelegate.loadContext(DefaultCacheAwareContextLoaderDelegate.java:137) - Retrieved ApplicationContext [1431467659] from cache with key [[MergedContextConfiguration@10d68fcd testClass = HomeTest, locations = '{file:src/main/webapp/WEB-INF/spring/root-context.xml, file:src/main/webapp/WEB-INF/spring/appServlet/servlet-context.xml}', classes = '{}', contextInitializerClasses = '[]', activeProfiles = '{}', propertySourceLocations = '{}', propertySourceProperties = '{}', contextCustomizers = set[[empty]], contextLoader = 'org.springframework.test.context.support.DelegatingSmartContextLoader', parent = [null]]]
[2022-02-04 13:46:31.700] DEBUG DefaultContextCache.logStatistics(DefaultContextCache.java:290) - Spring test ApplicationContext cache statistics: [DefaultContextCache@3afae281 size = 1, maxSize = 32, parentContextCount = 0, hitCount = 27, missCount = 1]
[2022-02-04 13:46:31.701] DEBUG JakartaCommonsLoggingImpl.debug(JakartaCommonsLoggingImpl.java:54) - Creating a new SqlSession
[2022-02-04 13:46:31.701] DEBUG JakartaCommonsLoggingImpl.debug(JakartaCommonsLoggingImpl.java:54) - SqlSession [org.apache.ibatis.session.defaults.DefaultSqlSession@22a6e998] was not registered for synchronization because synchronization is not active
[2022-02-04 13:46:31.701] DEBUG DataSourceUtils.doGetConnection(DataSourceUtils.java:116) - Fetching JDBC Connection from DataSource
[2022-02-04 13:46:31.702] DEBUG JakartaCommonsLoggingImpl.debug(JakartaCommonsLoggingImpl.java:54) - JDBC Connection [jdbc:oracle:thin:@localhost:1521:xe, UserName=SPRING, Oracle JDBC driver] will not be managed by Spring
[2022-02-04 13:46:31.702] DEBUG JakartaCommonsLoggingImpl.debug(JakartaCommonsLoggingImpl.java:54) - ==>  Preparing: select * from home where not exists ( select distinct accom_id, rd_id, reserv_date from bookingdate where reserv_date between TO_DATE(?,'yyyy-MM-dd') and TO_DATE(?,'yyyy-MM-dd') ) and accomodates >= ? and location like '%'||?||'%'
[2022-02-04 13:46:31.703] DEBUG JakartaCommonsLoggingImpl.debug(JakartaCommonsLoggingImpl.java:54) - ==> Parameters: 2021-01-02(String), 2021-04-30(String), null, 서울시(String)
[2022-02-04 13:46:31.706] DEBUG JakartaCommonsLoggingImpl.debug(JakartaCommonsLoggingImpl.java:54) - <==      Total: 0
[2022-02-04 13:46:31.707] DEBUG JakartaCommonsLoggingImpl.debug(JakartaCommonsLoggingImpl.java:54) - Closing non transactional SqlSession [org.apache.ibatis.session.defaults.DefaultSqlSession@22a6e998]
[2022-02-04 13:46:31.708] DEBUG DefaultCacheAwareContextLoaderDelegate.loadContext(DefaultCacheAwareContextLoaderDelegate.java:137) - Retrieved ApplicationContext [1431467659] from cache with key [[MergedContextConfiguration@10d68fcd testClass = HomeTest, locations = '{file:src/main/webapp/WEB-INF/spring/root-context.xml, file:src/main/webapp/WEB-INF/spring/appServlet/servlet-context.xml}', classes = '{}', contextInitializerClasses = '[]', activeProfiles = '{}', propertySourceLocations = '{}', propertySourceProperties = '{}', contextCustomizers = set[[empty]], contextLoader = 'org.springframework.test.context.support.DelegatingSmartContextLoader', parent = [null]]]
[2022-02-04 13:46:31.708] DEBUG DefaultContextCache.logStatistics(DefaultContextCache.java:290) - Spring test ApplicationContext cache statistics: [DefaultContextCache@3afae281 size = 1, maxSize = 32, parentContextCount = 0, hitCount = 28, missCount = 1]
[2022-02-04 13:46:31.709] DEBUG DefaultCacheAwareContextLoaderDelegate.loadContext(DefaultCacheAwareContextLoaderDelegate.java:137) - Retrieved ApplicationContext [1431467659] from cache with key [[MergedContextConfiguration@10d68fcd testClass = HomeTest, locations = '{file:src/main/webapp/WEB-INF/spring/root-context.xml, file:src/main/webapp/WEB-INF/spring/appServlet/servlet-context.xml}', classes = '{}', contextInitializerClasses = '[]', activeProfiles = '{}', propertySourceLocations = '{}', propertySourceProperties = '{}', contextCustomizers = set[[empty]], contextLoader = 'org.springframework.test.context.support.DelegatingSmartContextLoader', parent = [null]]]
[2022-02-04 13:46:31.710] DEBUG DefaultContextCache.logStatistics(DefaultContextCache.java:290) - Spring test ApplicationContext cache statistics: [DefaultContextCache@3afae281 size = 1, maxSize = 32, parentContextCount = 0, hitCount = 29, missCount = 1]
[2022-02-04 13:46:31.711] DEBUG AbstractDirtiesContextTestExecutionListener.beforeOrAfterTestMethod(AbstractDirtiesContextTestExecutionListener.java:108) - After test method: context [DefaultTestContext@424e1977 testClass = HomeTest, testInstance = com.dwav.HomeTest@7e74a380, testMethod = getHomeListBySearchBar@HomeTest, testException = [null], mergedContextConfiguration = [MergedContextConfiguration@10d68fcd testClass = HomeTest, locations = '{file:src/main/webapp/WEB-INF/spring/root-context.xml, file:src/main/webapp/WEB-INF/spring/appServlet/servlet-context.xml}', classes = '{}', contextInitializerClasses = '[]', activeProfiles = '{}', propertySourceLocations = '{}', propertySourceProperties = '{}', contextCustomizers = set[[empty]], contextLoader = 'org.springframework.test.context.support.DelegatingSmartContextLoader', parent = [null]], attributes = map['org.springframework.test.context.event.ApplicationEventsTestExecutionListener.recordApplicationEvents' -> false]], class annotated with @DirtiesContext [false] with mode [null], method annotated with @DirtiesContext [false] with mode [null].
[2022-02-04 13:46:31.712] DEBUG DefaultCacheAwareContextLoaderDelegate.loadContext(DefaultCacheAwareContextLoaderDelegate.java:137) - Retrieved ApplicationContext [1431467659] from cache with key [[MergedContextConfiguration@10d68fcd testClass = HomeTest, locations = '{file:src/main/webapp/WEB-INF/spring/root-context.xml, file:src/main/webapp/WEB-INF/spring/appServlet/servlet-context.xml}', classes = '{}', contextInitializerClasses = '[]', activeProfiles = '{}', propertySourceLocations = '{}', propertySourceProperties = '{}', contextCustomizers = set[[empty]], contextLoader = 'org.springframework.test.context.support.DelegatingSmartContextLoader', parent = [null]]]
[2022-02-04 13:46:31.712] DEBUG DefaultContextCache.logStatistics(DefaultContextCache.java:290) - Spring test ApplicationContext cache statistics: [DefaultContextCache@3afae281 size = 1, maxSize = 32, parentContextCount = 0, hitCount = 30, missCount = 1]
[2022-02-04 13:46:31.713] DEBUG AbstractDirtiesContextTestExecutionListener.beforeOrAfterTestClass(AbstractDirtiesContextTestExecutionListener.java:143) - After test class: context [DefaultTestContext@424e1977 testClass = HomeTest, testInstance = [null], testMethod = [null], testException = [null], mergedContextConfiguration = [MergedContextConfiguration@10d68fcd testClass = HomeTest, locations = '{file:src/main/webapp/WEB-INF/spring/root-context.xml, file:src/main/webapp/WEB-INF/spring/appServlet/servlet-context.xml}', classes = '{}', contextInitializerClasses = '[]', activeProfiles = '{}', propertySourceLocations = '{}', propertySourceProperties = '{}', contextCustomizers = set[[empty]], contextLoader = 'org.springframework.test.context.support.DelegatingSmartContextLoader', parent = [null]], attributes = map['org.springframework.test.context.event.ApplicationEventsTestExecutionListener.recordApplicationEvents' -> false]], class annotated with @DirtiesContext [false] with mode [null].
[2022-02-04 13:46:31.751] DEBUG AbstractApplicationContext.doClose(AbstractApplicationContext.java:1049) - Closing org.springframework.context.support.GenericApplicationContext@5552768b, started on Fri Feb 04 13:46:24 KST 2022
